<?xml version="1.0" encoding="UTF-8"?>
<!-- Generated by org.testng.reporters.JUnitReportReporter -->
<testsuite hostname="DESKTOP-54PS5CM" failures="0" tests="5" name="tests.ToDosTest" time="5.368" errors="0" timestamp="2023-02-03T07:37:21 MST" skipped="0">
  <testcase classname="tests.ToDosTest" name="postMethod" time="0.934"/>
  <system-out/>
  <testcase classname="tests.ToDosTest" name="GetById" time="0.137"/>
  <system-out/>
  <testcase classname="tests.ToDosTest" name="putMethod" time="0.647"/>
  <system-out/>
  <testcase classname="tests.ToDosTest" name="GetAllMethod" time="2.867"/>
  <system-out/>
  <testcase classname="tests.ToDosTest" name="deleteMethod" time="0.783"/>
  <system-out/>
</testsuite> <!-- tests.ToDosTest -->
